<?xml version="1.0" encoding="UTF-8"?>
<!-- Generated by org.testng.reporters.JUnitReportReporter -->
<testsuite skipped="0" hostname="DESKTOP-85SQ8AN" name="com.pillow.qa.testcases.CheckoutpageTest" tests="2" failures="0" timestamp="22 Jun 2021 12:20:46 GMT" time="41.220" errors="0">
  <testcase name="paynowTest" time="21.334" classname="com.pillow.qa.testcases.CheckoutpageTest"/>
  <testcase name="paynowTest" time="19.886" classname="com.pillow.qa.testcases.CheckoutpageTest"/>
</testsuite> <!-- com.pillow.qa.testcases.CheckoutpageTest -->
